<?xml version="1.0" encoding="UTF-8"?>
<!-- Generated by org.testng.reporters.JUnitReportReporter -->
<testsuite hostname="LAPTOP-0C21L1K2" failures="0" tests="1" name="TimeTracking.ActiTime.NavigationVerify" time="33.289" errors="0" timestamp="2023-04-17T17:35:05 IST" skipped="0">
  <testcase classname="TimeTracking.ActiTime.NavigationVerify" name="navigateAllMethod" time="33.289"/>
  <system-out/>
</testsuite> <!-- TimeTracking.ActiTime.NavigationVerify -->
