<?xml version="1.0" encoding="UTF-8"?>
<!-- Generated by org.testng.reporters.JUnitReportReporter -->
<testsuite hostname="LAPTOP-0C21L1K2" failures="0" tests="1" name="TimeTracking.ActiTime.CreateAndDeleteUser" time="11.492" errors="0" timestamp="2023-04-25T22:10:37 IST" skipped="0">
  <testcase classname="TimeTracking.ActiTime.CreateAndDeleteUser" name="createUser" time="11.492"/>
  <system-out/>
</testsuite> <!-- TimeTracking.ActiTime.CreateAndDeleteUser -->
