<?xml version="1.0" encoding="UTF-8"?>
<!-- Generated by org.testng.reporters.JUnitReportReporter -->
<testsuite hostname="LAPTOP-0C21L1K2" failures="0" tests="2" name="TimeTracking.ActiTime.VerifyButton" time="25.064" errors="0" timestamp="2023-04-16T19:01:53 IST" skipped="0">
  <testcase classname="TimeTracking.ActiTime.VerifyButton" name="validatelogoutbutton" time="17.242"/>
  <system-out/>
  <testcase classname="TimeTracking.ActiTime.VerifyButton" name="verifyVersion" time="7.822"/>
  <system-out/>
</testsuite> <!-- TimeTracking.ActiTime.VerifyButton -->
